<?xml version="1.0" encoding="UTF-8"?>
<testsuite xmlns:xsi="http://www.w3.org/2001/XMLSchema-instance" xsi:noNamespaceSchemaLocation="https://maven.apache.org/surefire/maven-surefire-plugin/xsd/surefire-test-report-3.0.xsd" version="3.0" name="it.live.crm.CrmApplicationTests" time="6.48" tests="1" errors="0" skipped="0" failures="0">
  <properties>
    <property name="java.specification.version" value="17"/>
    <property name="sun.jnu.encoding" value="UTF-8"/>
    <property name="java.class.path" value="/home/abdulaziz/IdeaProjects/crmEducationCenter/target/test-classes:/home/abdulaziz/IdeaProjects/crmEducationCenter/target/classes:/home/abdulaziz/.m2/repository/org/springframework/boot/spring-boot-starter-data-jpa/3.3.0/spring-boot-starter-data-jpa-3.3.0.jar:/home/abdulaziz/.m2/repository/org/springframework/boot/spring-boot-starter-aop/3.3.0/spring-boot-starter-aop-3.3.0.jar:/home/abdulaziz/.m2/repository/org/aspectj/aspectjweaver/1.9.22/aspectjweaver-1.9.22.jar:/home/abdulaziz/.m2/repository/org/hibernate/orm/hibernate-core/6.5.2.Final/hibernate-core-6.5.2.Final.jar:/home/abdulaziz/.m2/repository/jakarta/persistence/jakarta.persistence-api/3.1.0/jakarta.persistence-api-3.1.0.jar:/home/abdulaziz/.m2/repository/jakarta/transaction/jakarta.transaction-api/2.0.1/jakarta.transaction-api-2.0.1.jar:/home/abdulaziz/.m2/repository/org/jboss/logging/jboss-logging/3.5.3.Final/jboss-logging-3.5.3.Final.jar:/home/abdulaziz/.m2/repository/org/hibernate/common/hibernate-commons-annotations/6.0.6.Final/hibernate-commons-annotations-6.0.6.Final.jar:/home/abdulaziz/.m2/repository/io/smallrye/jandex/3.1.2/jandex-3.1.2.jar:/home/abdulaziz/.m2/repository/com/fasterxml/classmate/1.7.0/classmate-1.7.0.jar:/home/abdulaziz/.m2/repository/net/bytebuddy/byte-buddy/1.14.16/byte-buddy-1.14.16.jar:/home/abdulaziz/.m2/repository/org/glassfish/jaxb/jaxb-runtime/4.0.5/jaxb-runtime-4.0.5.jar:/home/abdulaziz/.m2/repository/org/glassfish/jaxb/jaxb-core/4.0.5/jaxb-core-4.0.5.jar:/home/abdulaziz/.m2/repository/org/eclipse/angus/angus-activation/2.0.2/angus-activation-2.0.2.jar:/home/abdulaziz/.m2/repository/org/glassfish/jaxb/txw2/4.0.5/txw2-4.0.5.jar:/home/abdulaziz/.m2/repository/com/sun/istack/istack-commons-runtime/4.1.2/istack-commons-runtime-4.1.2.jar:/home/abdulaziz/.m2/repository/jakarta/inject/jakarta.inject-api/2.0.1/jakarta.inject-api-2.0.1.jar:/home/abdulaziz/.m2/repository/org/antlr/antlr4-runtime/4.13.0/antlr4-runtime-4.13.0.jar:/home/abdulaziz/.m2/repository/org/springframework/data/spring-data-jpa/3.3.0/spring-data-jpa-3.3.0.jar:/home/abdulaziz/.m2/repository/org/springframework/data/spring-data-commons/3.3.0/spring-data-commons-3.3.0.jar:/home/abdulaziz/.m2/repository/org/springframework/spring-orm/6.1.8/spring-orm-6.1.8.jar:/home/abdulaziz/.m2/repository/org/springframework/spring-context/6.1.8/spring-context-6.1.8.jar:/home/abdulaziz/.m2/repository/org/springframework/spring-tx/6.1.8/spring-tx-6.1.8.jar:/home/abdulaziz/.m2/repository/org/springframework/spring-beans/6.1.8/spring-beans-6.1.8.jar:/home/abdulaziz/.m2/repository/jakarta/annotation/jakarta.annotation-api/2.1.1/jakarta.annotation-api-2.1.1.jar:/home/abdulaziz/.m2/repository/org/slf4j/slf4j-api/2.0.13/slf4j-api-2.0.13.jar:/home/abdulaziz/.m2/repository/org/springframework/spring-aspects/6.1.8/spring-aspects-6.1.8.jar:/home/abdulaziz/.m2/repository/org/springframework/boot/spring-boot-starter-security/3.3.0/spring-boot-starter-security-3.3.0.jar:/home/abdulaziz/.m2/repository/org/springframework/boot/spring-boot-starter/3.3.0/spring-boot-starter-3.3.0.jar:/home/abdulaziz/.m2/repository/org/springframework/boot/spring-boot/3.3.0/spring-boot-3.3.0.jar:/home/abdulaziz/.m2/repository/org/springframework/boot/spring-boot-autoconfigure/3.3.0/spring-boot-autoconfigure-3.3.0.jar:/home/abdulaziz/.m2/repository/org/springframework/boot/spring-boot-starter-logging/3.3.0/spring-boot-starter-logging-3.3.0.jar:/home/abdulaziz/.m2/repository/ch/qos/logback/logback-classic/1.5.6/logback-classic-1.5.6.jar:/home/abdulaziz/.m2/repository/ch/qos/logback/logback-core/1.5.6/logback-core-1.5.6.jar:/home/abdulaziz/.m2/repository/org/apache/logging/log4j/log4j-to-slf4j/2.23.1/log4j-to-slf4j-2.23.1.jar:/home/abdulaziz/.m2/repository/org/apache/logging/log4j/log4j-api/2.23.1/log4j-api-2.23.1.jar:/home/abdulaziz/.m2/repository/org/slf4j/jul-to-slf4j/2.0.13/jul-to-slf4j-2.0.13.jar:/home/abdulaziz/.m2/repository/org/yaml/snakeyaml/2.2/snakeyaml-2.2.jar:/home/abdulaziz/.m2/repository/org/springframework/spring-aop/6.1.8/spring-aop-6.1.8.jar:/home/abdulaziz/.m2/repository/org/springframework/security/spring-security-config/6.3.0/spring-security-config-6.3.0.jar:/home/abdulaziz/.m2/repository/org/springframework/security/spring-security-web/6.3.0/spring-security-web-6.3.0.jar:/home/abdulaziz/.m2/repository/org/springframework/spring-expression/6.1.8/spring-expression-6.1.8.jar:/home/abdulaziz/.m2/repository/org/springframework/boot/spring-boot-starter-web/3.3.0/spring-boot-starter-web-3.3.0.jar:/home/abdulaziz/.m2/repository/org/springframework/boot/spring-boot-starter-json/3.3.0/spring-boot-starter-json-3.3.0.jar:/home/abdulaziz/.m2/repository/com/fasterxml/jackson/datatype/jackson-datatype-jdk8/2.17.1/jackson-datatype-jdk8-2.17.1.jar:/home/abdulaziz/.m2/repository/com/fasterxml/jackson/datatype/jackson-datatype-jsr310/2.17.1/jackson-datatype-jsr310-2.17.1.jar:/home/abdulaziz/.m2/repository/com/fasterxml/jackson/module/jackson-module-parameter-names/2.17.1/jackson-module-parameter-names-2.17.1.jar:/home/abdulaziz/.m2/repository/org/springframework/boot/spring-boot-starter-tomcat/3.3.0/spring-boot-starter-tomcat-3.3.0.jar:/home/abdulaziz/.m2/repository/org/apache/tomcat/embed/tomcat-embed-core/10.1.24/tomcat-embed-core-10.1.24.jar:/home/abdulaziz/.m2/repository/org/apache/tomcat/embed/tomcat-embed-el/10.1.24/tomcat-embed-el-10.1.24.jar:/home/abdulaziz/.m2/repository/org/apache/tomcat/embed/tomcat-embed-websocket/10.1.24/tomcat-embed-websocket-10.1.24.jar:/home/abdulaziz/.m2/repository/org/springframework/spring-web/6.1.8/spring-web-6.1.8.jar:/home/abdulaziz/.m2/repository/io/micrometer/micrometer-observation/1.13.0/micrometer-observation-1.13.0.jar:/home/abdulaziz/.m2/repository/io/micrometer/micrometer-commons/1.13.0/micrometer-commons-1.13.0.jar:/home/abdulaziz/.m2/repository/org/springframework/spring-webmvc/6.1.8/spring-webmvc-6.1.8.jar:/home/abdulaziz/.m2/repository/org/postgresql/postgresql/42.7.3/postgresql-42.7.3.jar:/home/abdulaziz/.m2/repository/org/checkerframework/checker-qual/3.42.0/checker-qual-3.42.0.jar:/home/abdulaziz/.m2/repository/org/projectlombok/lombok/1.18.32/lombok-1.18.32.jar:/home/abdulaziz/.m2/repository/org/springframework/boot/spring-boot-starter-test/3.3.0/spring-boot-starter-test-3.3.0.jar:/home/abdulaziz/.m2/repository/org/springframework/boot/spring-boot-test/3.3.0/spring-boot-test-3.3.0.jar:/home/abdulaziz/.m2/repository/org/springframework/boot/spring-boot-test-autoconfigure/3.3.0/spring-boot-test-autoconfigure-3.3.0.jar:/home/abdulaziz/.m2/repository/com/jayway/jsonpath/json-path/2.9.0/json-path-2.9.0.jar:/home/abdulaziz/.m2/repository/jakarta/xml/bind/jakarta.xml.bind-api/4.0.2/jakarta.xml.bind-api-4.0.2.jar:/home/abdulaziz/.m2/repository/jakarta/activation/jakarta.activation-api/2.1.3/jakarta.activation-api-2.1.3.jar:/home/abdulaziz/.m2/repository/net/minidev/json-smart/2.5.1/json-smart-2.5.1.jar:/home/abdulaziz/.m2/repository/net/minidev/accessors-smart/2.5.1/accessors-smart-2.5.1.jar:/home/abdulaziz/.m2/repository/org/ow2/asm/asm/9.6/asm-9.6.jar:/home/abdulaziz/.m2/repository/org/assertj/assertj-core/3.25.3/assertj-core-3.25.3.jar:/home/abdulaziz/.m2/repository/org/awaitility/awaitility/4.2.1/awaitility-4.2.1.jar:/home/abdulaziz/.m2/repository/org/hamcrest/hamcrest/2.2/hamcrest-2.2.jar:/home/abdulaziz/.m2/repository/org/junit/jupiter/junit-jupiter/5.10.2/junit-jupiter-5.10.2.jar:/home/abdulaziz/.m2/repository/org/junit/jupiter/junit-jupiter-api/5.10.2/junit-jupiter-api-5.10.2.jar:/home/abdulaziz/.m2/repository/org/opentest4j/opentest4j/1.3.0/opentest4j-1.3.0.jar:/home/abdulaziz/.m2/repository/org/junit/platform/junit-platform-commons/1.10.2/junit-platform-commons-1.10.2.jar:/home/abdulaziz/.m2/repository/org/apiguardian/apiguardian-api/1.1.2/apiguardian-api-1.1.2.jar:/home/abdulaziz/.m2/repository/org/junit/jupiter/junit-jupiter-params/5.10.2/junit-jupiter-params-5.10.2.jar:/home/abdulaziz/.m2/repository/org/junit/jupiter/junit-jupiter-engine/5.10.2/junit-jupiter-engine-5.10.2.jar:/home/abdulaziz/.m2/repository/org/junit/platform/junit-platform-engine/1.10.2/junit-platform-engine-1.10.2.jar:/home/abdulaziz/.m2/repository/org/mockito/mockito-core/5.11.0/mockito-core-5.11.0.jar:/home/abdulaziz/.m2/repository/net/bytebuddy/byte-buddy-agent/1.14.16/byte-buddy-agent-1.14.16.jar:/home/abdulaziz/.m2/repository/org/objenesis/objenesis/3.3/objenesis-3.3.jar:/home/abdulaziz/.m2/repository/org/mockito/mockito-junit-jupiter/5.11.0/mockito-junit-jupiter-5.11.0.jar:/home/abdulaziz/.m2/repository/org/skyscreamer/jsonassert/1.5.1/jsonassert-1.5.1.jar:/home/abdulaziz/.m2/repository/com/vaadin/external/google/android-json/0.0.20131108.vaadin1/android-json-0.0.20131108.vaadin1.jar:/home/abdulaziz/.m2/repository/org/springframework/spring-core/6.1.8/spring-core-6.1.8.jar:/home/abdulaziz/.m2/repository/org/springframework/spring-jcl/6.1.8/spring-jcl-6.1.8.jar:/home/abdulaziz/.m2/repository/org/springframework/spring-test/6.1.8/spring-test-6.1.8.jar:/home/abdulaziz/.m2/repository/org/xmlunit/xmlunit-core/2.9.1/xmlunit-core-2.9.1.jar:/home/abdulaziz/.m2/repository/org/springframework/security/spring-security-test/6.3.0/spring-security-test-6.3.0.jar:/home/abdulaziz/.m2/repository/org/springframework/security/spring-security-core/6.3.0/spring-security-core-6.3.0.jar:/home/abdulaziz/.m2/repository/org/springframework/security/spring-security-crypto/6.3.0/spring-security-crypto-6.3.0.jar:/home/abdulaziz/.m2/repository/org/springdoc/springdoc-openapi-starter-webmvc-ui/2.1.0/springdoc-openapi-starter-webmvc-ui-2.1.0.jar:/home/abdulaziz/.m2/repository/org/springdoc/springdoc-openapi-starter-webmvc-api/2.1.0/springdoc-openapi-starter-webmvc-api-2.1.0.jar:/home/abdulaziz/.m2/repository/org/springdoc/springdoc-openapi-starter-common/2.1.0/springdoc-openapi-starter-common-2.1.0.jar:/home/abdulaziz/.m2/repository/io/swagger/core/v3/swagger-core-jakarta/2.2.9/swagger-core-jakarta-2.2.9.jar:/home/abdulaziz/.m2/repository/org/apache/commons/commons-lang3/3.14.0/commons-lang3-3.14.0.jar:/home/abdulaziz/.m2/repository/io/swagger/core/v3/swagger-annotations-jakarta/2.2.9/swagger-annotations-jakarta-2.2.9.jar:/home/abdulaziz/.m2/repository/io/swagger/core/v3/swagger-models-jakarta/2.2.9/swagger-models-jakarta-2.2.9.jar:/home/abdulaziz/.m2/repository/jakarta/validation/jakarta.validation-api/3.0.2/jakarta.validation-api-3.0.2.jar:/home/abdulaziz/.m2/repository/com/fasterxml/jackson/dataformat/jackson-dataformat-yaml/2.17.1/jackson-dataformat-yaml-2.17.1.jar:/home/abdulaziz/.m2/repository/org/webjars/swagger-ui/4.18.2/swagger-ui-4.18.2.jar:/home/abdulaziz/.m2/repository/io/jsonwebtoken/jjwt-api/0.11.5/jjwt-api-0.11.5.jar:/home/abdulaziz/.m2/repository/io/jsonwebtoken/jjwt-impl/0.11.5/jjwt-impl-0.11.5.jar:/home/abdulaziz/.m2/repository/io/jsonwebtoken/jjwt-jackson/0.11.5/jjwt-jackson-0.11.5.jar:/home/abdulaziz/.m2/repository/com/fasterxml/jackson/core/jackson-databind/2.17.1/jackson-databind-2.17.1.jar:/home/abdulaziz/.m2/repository/com/fasterxml/jackson/core/jackson-annotations/2.17.1/jackson-annotations-2.17.1.jar:/home/abdulaziz/.m2/repository/com/fasterxml/jackson/core/jackson-core/2.17.1/jackson-core-2.17.1.jar:/home/abdulaziz/.m2/repository/org/springframework/boot/spring-boot-starter-jdbc/3.3.0/spring-boot-starter-jdbc-3.3.0.jar:/home/abdulaziz/.m2/repository/com/zaxxer/HikariCP/5.1.0/HikariCP-5.1.0.jar:/home/abdulaziz/.m2/repository/org/springframework/spring-jdbc/6.1.8/spring-jdbc-6.1.8.jar:/home/abdulaziz/.m2/repository/com/github/vladimir-bukhtoyarov/bucket4j-core/7.6.0/bucket4j-core-7.6.0.jar:"/>
    <property name="java.vm.vendor" value="Ubuntu"/>
    <property name="sun.arch.data.model" value="64"/>
    <property name="java.vendor.url" value="https://ubuntu.com/"/>
    <property name="user.timezone" value="Asia/Tashkent"/>
    <property name="org.jboss.logging.provider" value="slf4j"/>
    <property name="os.name" value="Linux"/>
    <property name="java.vm.specification.version" value="17"/>
    <property name="sun.java.launcher" value="SUN_STANDARD"/>
    <property name="user.country" value="US"/>
    <property name="sun.boot.library.path" value="/usr/lib/jvm/java-17-openjdk-amd64/lib"/>
    <property name="sun.java.command" value="/home/abdulaziz/IdeaProjects/crmEducationCenter/target/surefire/surefirebooter-20240619224604137_3.jar /home/abdulaziz/IdeaProjects/crmEducationCenter/target/surefire 2024-06-19T22-46-04_028-jvmRun1 surefire-20240619224604137_1tmp surefire_0-20240619224604137_2tmp"/>
    <property name="jdk.debug" value="release"/>
    <property name="surefire.test.class.path" value="/home/abdulaziz/IdeaProjects/crmEducationCenter/target/test-classes:/home/abdulaziz/IdeaProjects/crmEducationCenter/target/classes:/home/abdulaziz/.m2/repository/org/springframework/boot/spring-boot-starter-data-jpa/3.3.0/spring-boot-starter-data-jpa-3.3.0.jar:/home/abdulaziz/.m2/repository/org/springframework/boot/spring-boot-starter-aop/3.3.0/spring-boot-starter-aop-3.3.0.jar:/home/abdulaziz/.m2/repository/org/aspectj/aspectjweaver/1.9.22/aspectjweaver-1.9.22.jar:/home/abdulaziz/.m2/repository/org/hibernate/orm/hibernate-core/6.5.2.Final/hibernate-core-6.5.2.Final.jar:/home/abdulaziz/.m2/repository/jakarta/persistence/jakarta.persistence-api/3.1.0/jakarta.persistence-api-3.1.0.jar:/home/abdulaziz/.m2/repository/jakarta/transaction/jakarta.transaction-api/2.0.1/jakarta.transaction-api-2.0.1.jar:/home/abdulaziz/.m2/repository/org/jboss/logging/jboss-logging/3.5.3.Final/jboss-logging-3.5.3.Final.jar:/home/abdulaziz/.m2/repository/org/hibernate/common/hibernate-commons-annotations/6.0.6.Final/hibernate-commons-annotations-6.0.6.Final.jar:/home/abdulaziz/.m2/repository/io/smallrye/jandex/3.1.2/jandex-3.1.2.jar:/home/abdulaziz/.m2/repository/com/fasterxml/classmate/1.7.0/classmate-1.7.0.jar:/home/abdulaziz/.m2/repository/net/bytebuddy/byte-buddy/1.14.16/byte-buddy-1.14.16.jar:/home/abdulaziz/.m2/repository/org/glassfish/jaxb/jaxb-runtime/4.0.5/jaxb-runtime-4.0.5.jar:/home/abdulaziz/.m2/repository/org/glassfish/jaxb/jaxb-core/4.0.5/jaxb-core-4.0.5.jar:/home/abdulaziz/.m2/repository/org/eclipse/angus/angus-activation/2.0.2/angus-activation-2.0.2.jar:/home/abdulaziz/.m2/repository/org/glassfish/jaxb/txw2/4.0.5/txw2-4.0.5.jar:/home/abdulaziz/.m2/repository/com/sun/istack/istack-commons-runtime/4.1.2/istack-commons-runtime-4.1.2.jar:/home/abdulaziz/.m2/repository/jakarta/inject/jakarta.inject-api/2.0.1/jakarta.inject-api-2.0.1.jar:/home/abdulaziz/.m2/repository/org/antlr/antlr4-runtime/4.13.0/antlr4-runtime-4.13.0.jar:/home/abdulaziz/.m2/repository/org/springframework/data/spring-data-jpa/3.3.0/spring-data-jpa-3.3.0.jar:/home/abdulaziz/.m2/repository/org/springframework/data/spring-data-commons/3.3.0/spring-data-commons-3.3.0.jar:/home/abdulaziz/.m2/repository/org/springframework/spring-orm/6.1.8/spring-orm-6.1.8.jar:/home/abdulaziz/.m2/repository/org/springframework/spring-context/6.1.8/spring-context-6.1.8.jar:/home/abdulaziz/.m2/repository/org/springframework/spring-tx/6.1.8/spring-tx-6.1.8.jar:/home/abdulaziz/.m2/repository/org/springframework/spring-beans/6.1.8/spring-beans-6.1.8.jar:/home/abdulaziz/.m2/repository/jakarta/annotation/jakarta.annotation-api/2.1.1/jakarta.annotation-api-2.1.1.jar:/home/abdulaziz/.m2/repository/org/slf4j/slf4j-api/2.0.13/slf4j-api-2.0.13.jar:/home/abdulaziz/.m2/repository/org/springframework/spring-aspects/6.1.8/spring-aspects-6.1.8.jar:/home/abdulaziz/.m2/repository/org/springframework/boot/spring-boot-starter-security/3.3.0/spring-boot-starter-security-3.3.0.jar:/home/abdulaziz/.m2/repository/org/springframework/boot/spring-boot-starter/3.3.0/spring-boot-starter-3.3.0.jar:/home/abdulaziz/.m2/repository/org/springframework/boot/spring-boot/3.3.0/spring-boot-3.3.0.jar:/home/abdulaziz/.m2/repository/org/springframework/boot/spring-boot-autoconfigure/3.3.0/spring-boot-autoconfigure-3.3.0.jar:/home/abdulaziz/.m2/repository/org/springframework/boot/spring-boot-starter-logging/3.3.0/spring-boot-starter-logging-3.3.0.jar:/home/abdulaziz/.m2/repository/ch/qos/logback/logback-classic/1.5.6/logback-classic-1.5.6.jar:/home/abdulaziz/.m2/repository/ch/qos/logback/logback-core/1.5.6/logback-core-1.5.6.jar:/home/abdulaziz/.m2/repository/org/apache/logging/log4j/log4j-to-slf4j/2.23.1/log4j-to-slf4j-2.23.1.jar:/home/abdulaziz/.m2/repository/org/apache/logging/log4j/log4j-api/2.23.1/log4j-api-2.23.1.jar:/home/abdulaziz/.m2/repository/org/slf4j/jul-to-slf4j/2.0.13/jul-to-slf4j-2.0.13.jar:/home/abdulaziz/.m2/repository/org/yaml/snakeyaml/2.2/snakeyaml-2.2.jar:/home/abdulaziz/.m2/repository/org/springframework/spring-aop/6.1.8/spring-aop-6.1.8.jar:/home/abdulaziz/.m2/repository/org/springframework/security/spring-security-config/6.3.0/spring-security-config-6.3.0.jar:/home/abdulaziz/.m2/repository/org/springframework/security/spring-security-web/6.3.0/spring-security-web-6.3.0.jar:/home/abdulaziz/.m2/repository/org/springframework/spring-expression/6.1.8/spring-expression-6.1.8.jar:/home/abdulaziz/.m2/repository/org/springframework/boot/spring-boot-starter-web/3.3.0/spring-boot-starter-web-3.3.0.jar:/home/abdulaziz/.m2/repository/org/springframework/boot/spring-boot-starter-json/3.3.0/spring-boot-starter-json-3.3.0.jar:/home/abdulaziz/.m2/repository/com/fasterxml/jackson/datatype/jackson-datatype-jdk8/2.17.1/jackson-datatype-jdk8-2.17.1.jar:/home/abdulaziz/.m2/repository/com/fasterxml/jackson/datatype/jackson-datatype-jsr310/2.17.1/jackson-datatype-jsr310-2.17.1.jar:/home/abdulaziz/.m2/repository/com/fasterxml/jackson/module/jackson-module-parameter-names/2.17.1/jackson-module-parameter-names-2.17.1.jar:/home/abdulaziz/.m2/repository/org/springframework/boot/spring-boot-starter-tomcat/3.3.0/spring-boot-starter-tomcat-3.3.0.jar:/home/abdulaziz/.m2/repository/org/apache/tomcat/embed/tomcat-embed-core/10.1.24/tomcat-embed-core-10.1.24.jar:/home/abdulaziz/.m2/repository/org/apache/tomcat/embed/tomcat-embed-el/10.1.24/tomcat-embed-el-10.1.24.jar:/home/abdulaziz/.m2/repository/org/apache/tomcat/embed/tomcat-embed-websocket/10.1.24/tomcat-embed-websocket-10.1.24.jar:/home/abdulaziz/.m2/repository/org/springframework/spring-web/6.1.8/spring-web-6.1.8.jar:/home/abdulaziz/.m2/repository/io/micrometer/micrometer-observation/1.13.0/micrometer-observation-1.13.0.jar:/home/abdulaziz/.m2/repository/io/micrometer/micrometer-commons/1.13.0/micrometer-commons-1.13.0.jar:/home/abdulaziz/.m2/repository/org/springframework/spring-webmvc/6.1.8/spring-webmvc-6.1.8.jar:/home/abdulaziz/.m2/repository/org/postgresql/postgresql/42.7.3/postgresql-42.7.3.jar:/home/abdulaziz/.m2/repository/org/checkerframework/checker-qual/3.42.0/checker-qual-3.42.0.jar:/home/abdulaziz/.m2/repository/org/projectlombok/lombok/1.18.32/lombok-1.18.32.jar:/home/abdulaziz/.m2/repository/org/springframework/boot/spring-boot-starter-test/3.3.0/spring-boot-starter-test-3.3.0.jar:/home/abdulaziz/.m2/repository/org/springframework/boot/spring-boot-test/3.3.0/spring-boot-test-3.3.0.jar:/home/abdulaziz/.m2/repository/org/springframework/boot/spring-boot-test-autoconfigure/3.3.0/spring-boot-test-autoconfigure-3.3.0.jar:/home/abdulaziz/.m2/repository/com/jayway/jsonpath/json-path/2.9.0/json-path-2.9.0.jar:/home/abdulaziz/.m2/repository/jakarta/xml/bind/jakarta.xml.bind-api/4.0.2/jakarta.xml.bind-api-4.0.2.jar:/home/abdulaziz/.m2/repository/jakarta/activation/jakarta.activation-api/2.1.3/jakarta.activation-api-2.1.3.jar:/home/abdulaziz/.m2/repository/net/minidev/json-smart/2.5.1/json-smart-2.5.1.jar:/home/abdulaziz/.m2/repository/net/minidev/accessors-smart/2.5.1/accessors-smart-2.5.1.jar:/home/abdulaziz/.m2/repository/org/ow2/asm/asm/9.6/asm-9.6.jar:/home/abdulaziz/.m2/repository/org/assertj/assertj-core/3.25.3/assertj-core-3.25.3.jar:/home/abdulaziz/.m2/repository/org/awaitility/awaitility/4.2.1/awaitility-4.2.1.jar:/home/abdulaziz/.m2/repository/org/hamcrest/hamcrest/2.2/hamcrest-2.2.jar:/home/abdulaziz/.m2/repository/org/junit/jupiter/junit-jupiter/5.10.2/junit-jupiter-5.10.2.jar:/home/abdulaziz/.m2/repository/org/junit/jupiter/junit-jupiter-api/5.10.2/junit-jupiter-api-5.10.2.jar:/home/abdulaziz/.m2/repository/org/opentest4j/opentest4j/1.3.0/opentest4j-1.3.0.jar:/home/abdulaziz/.m2/repository/org/junit/platform/junit-platform-commons/1.10.2/junit-platform-commons-1.10.2.jar:/home/abdulaziz/.m2/repository/org/apiguardian/apiguardian-api/1.1.2/apiguardian-api-1.1.2.jar:/home/abdulaziz/.m2/repository/org/junit/jupiter/junit-jupiter-params/5.10.2/junit-jupiter-params-5.10.2.jar:/home/abdulaziz/.m2/repository/org/junit/jupiter/junit-jupiter-engine/5.10.2/junit-jupiter-engine-5.10.2.jar:/home/abdulaziz/.m2/repository/org/junit/platform/junit-platform-engine/1.10.2/junit-platform-engine-1.10.2.jar:/home/abdulaziz/.m2/repository/org/mockito/mockito-core/5.11.0/mockito-core-5.11.0.jar:/home/abdulaziz/.m2/repository/net/bytebuddy/byte-buddy-agent/1.14.16/byte-buddy-agent-1.14.16.jar:/home/abdulaziz/.m2/repository/org/objenesis/objenesis/3.3/objenesis-3.3.jar:/home/abdulaziz/.m2/repository/org/mockito/mockito-junit-jupiter/5.11.0/mockito-junit-jupiter-5.11.0.jar:/home/abdulaziz/.m2/repository/org/skyscreamer/jsonassert/1.5.1/jsonassert-1.5.1.jar:/home/abdulaziz/.m2/repository/com/vaadin/external/google/android-json/0.0.20131108.vaadin1/android-json-0.0.20131108.vaadin1.jar:/home/abdulaziz/.m2/repository/org/springframework/spring-core/6.1.8/spring-core-6.1.8.jar:/home/abdulaziz/.m2/repository/org/springframework/spring-jcl/6.1.8/spring-jcl-6.1.8.jar:/home/abdulaziz/.m2/repository/org/springframework/spring-test/6.1.8/spring-test-6.1.8.jar:/home/abdulaziz/.m2/repository/org/xmlunit/xmlunit-core/2.9.1/xmlunit-core-2.9.1.jar:/home/abdulaziz/.m2/repository/org/springframework/security/spring-security-test/6.3.0/spring-security-test-6.3.0.jar:/home/abdulaziz/.m2/repository/org/springframework/security/spring-security-core/6.3.0/spring-security-core-6.3.0.jar:/home/abdulaziz/.m2/repository/org/springframework/security/spring-security-crypto/6.3.0/spring-security-crypto-6.3.0.jar:/home/abdulaziz/.m2/repository/org/springdoc/springdoc-openapi-starter-webmvc-ui/2.1.0/springdoc-openapi-starter-webmvc-ui-2.1.0.jar:/home/abdulaziz/.m2/repository/org/springdoc/springdoc-openapi-starter-webmvc-api/2.1.0/springdoc-openapi-starter-webmvc-api-2.1.0.jar:/home/abdulaziz/.m2/repository/org/springdoc/springdoc-openapi-starter-common/2.1.0/springdoc-openapi-starter-common-2.1.0.jar:/home/abdulaziz/.m2/repository/io/swagger/core/v3/swagger-core-jakarta/2.2.9/swagger-core-jakarta-2.2.9.jar:/home/abdulaziz/.m2/repository/org/apache/commons/commons-lang3/3.14.0/commons-lang3-3.14.0.jar:/home/abdulaziz/.m2/repository/io/swagger/core/v3/swagger-annotations-jakarta/2.2.9/swagger-annotations-jakarta-2.2.9.jar:/home/abdulaziz/.m2/repository/io/swagger/core/v3/swagger-models-jakarta/2.2.9/swagger-models-jakarta-2.2.9.jar:/home/abdulaziz/.m2/repository/jakarta/validation/jakarta.validation-api/3.0.2/jakarta.validation-api-3.0.2.jar:/home/abdulaziz/.m2/repository/com/fasterxml/jackson/dataformat/jackson-dataformat-yaml/2.17.1/jackson-dataformat-yaml-2.17.1.jar:/home/abdulaziz/.m2/repository/org/webjars/swagger-ui/4.18.2/swagger-ui-4.18.2.jar:/home/abdulaziz/.m2/repository/io/jsonwebtoken/jjwt-api/0.11.5/jjwt-api-0.11.5.jar:/home/abdulaziz/.m2/repository/io/jsonwebtoken/jjwt-impl/0.11.5/jjwt-impl-0.11.5.jar:/home/abdulaziz/.m2/repository/io/jsonwebtoken/jjwt-jackson/0.11.5/jjwt-jackson-0.11.5.jar:/home/abdulaziz/.m2/repository/com/fasterxml/jackson/core/jackson-databind/2.17.1/jackson-databind-2.17.1.jar:/home/abdulaziz/.m2/repository/com/fasterxml/jackson/core/jackson-annotations/2.17.1/jackson-annotations-2.17.1.jar:/home/abdulaziz/.m2/repository/com/fasterxml/jackson/core/jackson-core/2.17.1/jackson-core-2.17.1.jar:/home/abdulaziz/.m2/repository/org/springframework/boot/spring-boot-starter-jdbc/3.3.0/spring-boot-starter-jdbc-3.3.0.jar:/home/abdulaziz/.m2/repository/com/zaxxer/HikariCP/5.1.0/HikariCP-5.1.0.jar:/home/abdulaziz/.m2/repository/org/springframework/spring-jdbc/6.1.8/spring-jdbc-6.1.8.jar:/home/abdulaziz/.m2/repository/com/github/vladimir-bukhtoyarov/bucket4j-core/7.6.0/bucket4j-core-7.6.0.jar:"/>
    <property name="sun.cpu.endian" value="little"/>
    <property name="user.home" value="/home/abdulaziz"/>
    <property name="user.language" value="en"/>
    <property name="java.specification.vendor" value="Oracle Corporation"/>
    <property name="java.version.date" value="2024-04-16"/>
    <property name="java.home" value="/usr/lib/jvm/java-17-openjdk-amd64"/>
    <property name="file.separator" value="/"/>
    <property name="basedir" value="/home/abdulaziz/IdeaProjects/crmEducationCenter"/>
    <property name="java.vm.compressedOopsMode" value="32-bit"/>
    <property name="line.separator" value="&#10;"/>
    <property name="java.specification.name" value="Java Platform API Specification"/>
    <property name="java.vm.specification.vendor" value="Oracle Corporation"/>
    <property name="FILE_LOG_CHARSET" value="UTF-8"/>
    <property name="java.awt.headless" value="true"/>
    <property name="surefire.real.class.path" value="/home/abdulaziz/IdeaProjects/crmEducationCenter/target/surefire/surefirebooter-20240619224604137_3.jar"/>
    <property name="sun.management.compiler" value="HotSpot 64-Bit Tiered Compilers"/>
    <property name="java.runtime.version" value="17.0.11+9-Ubuntu-1"/>
    <property name="user.name" value="abdulaziz"/>
    <property name="path.separator" value=":"/>
    <property name="os.version" value="6.8.0-35-generic"/>
    <property name="java.runtime.name" value="OpenJDK Runtime Environment"/>
    <property name="file.encoding" value="UTF-8"/>
    <property name="java.vm.name" value="OpenJDK 64-Bit Server VM"/>
    <property name="localRepository" value="/home/abdulaziz/.m2/repository"/>
    <property name="java.vendor.url.bug" value="https://bugs.launchpad.net/ubuntu/+source/openjdk-17"/>
    <property name="java.io.tmpdir" value="/tmp"/>
    <property name="com.zaxxer.hikari.pool_number" value="1"/>
    <property name="java.version" value="17.0.11"/>
    <property name="user.dir" value="/home/abdulaziz/IdeaProjects/crmEducationCenter"/>
    <property name="os.arch" value="amd64"/>
    <property name="java.vm.specification.name" value="Java Virtual Machine Specification"/>
    <property name="PID" value="49073"/>
    <property name="CONSOLE_LOG_CHARSET" value="UTF-8"/>
    <property name="native.encoding" value="UTF-8"/>
    <property name="java.library.path" value="/usr/java/packages/lib:/usr/lib/x86_64-linux-gnu/jni:/lib/x86_64-linux-gnu:/usr/lib/x86_64-linux-gnu:/usr/lib/jni:/lib:/usr/lib"/>
    <property name="java.vm.info" value="mixed mode, sharing"/>
    <property name="java.vendor" value="Ubuntu"/>
    <property name="java.vm.version" value="17.0.11+9-Ubuntu-1"/>
    <property name="sun.io.unicode.encoding" value="UnicodeLittle"/>
    <property name="java.class.version" value="61.0"/>
  </properties>
  <testcase name="contextLoads" classname="it.live.crm.CrmApplicationTests" time="0.4">
    <system-out><![CDATA[22:46:04.845 [main] INFO org.springframework.test.context.support.AnnotationConfigContextLoaderUtils -- Could not detect default configuration classes for test class [it.live.crm.CrmApplicationTests]: CrmApplicationTests does not declare any static, non-private, non-final, nested classes annotated with @Configuration.
22:46:04.955 [main] INFO org.springframework.boot.test.context.SpringBootTestContextBootstrapper -- Found @SpringBootConfiguration it.live.crm.CrmApplication for test class it.live.crm.CrmApplicationTests
  .   ____          _            __ _ _
 /\\ / ___'_ __ _ _(_)_ __  __ _ \ \ \ \
( ( )\___ | '_ | '_| | '_ \/ _` | \ \ \ \
 \\/  ___)| |_)| | | | | || (_| |  ) ) ) )
  '  |____| .__|_| |_|_| |_\__, | / / / /
 =========|_|==============|___/=/_/_/_/

 :: Spring Boot ::                (v3.3.0)

2024-06-19T22:46:05.256+05:00  INFO 49073 --- [           main] it.live.crm.CrmApplicationTests          : Starting CrmApplicationTests using Java 17.0.11 with PID 49073 (started by abdulaziz in /home/abdulaziz/IdeaProjects/crmEducationCenter)
2024-06-19T22:46:05.257+05:00  INFO 49073 --- [           main] it.live.crm.CrmApplicationTests          : No active profile set, falling back to 1 default profile: "default"
2024-06-19T22:46:05.937+05:00  INFO 49073 --- [           main] .s.d.r.c.RepositoryConfigurationDelegate : Bootstrapping Spring Data JPA repositories in DEFAULT mode.
2024-06-19T22:46:06.015+05:00  INFO 49073 --- [           main] .s.d.r.c.RepositoryConfigurationDelegate : Finished Spring Data repository scanning in 73 ms. Found 12 JPA repository interfaces.
2024-06-19T22:46:06.528+05:00  INFO 49073 --- [           main] o.hibernate.jpa.internal.util.LogHelper  : HHH000204: Processing PersistenceUnitInfo [name: default]
2024-06-19T22:46:06.558+05:00  INFO 49073 --- [           main] org.hibernate.Version                    : HHH000412: Hibernate ORM core version 6.5.2.Final
2024-06-19T22:46:06.594+05:00  INFO 49073 --- [           main] o.h.c.internal.RegionFactoryInitiator    : HHH000026: Second-level cache disabled
2024-06-19T22:46:06.830+05:00  INFO 49073 --- [           main] o.s.o.j.p.SpringPersistenceUnitInfo      : No LoadTimeWeaver setup: ignoring JPA class transformer
2024-06-19T22:46:06.856+05:00  INFO 49073 --- [           main] com.zaxxer.hikari.HikariDataSource       : HikariPool-1 - Starting...
2024-06-19T22:46:07.106+05:00  INFO 49073 --- [           main] com.zaxxer.hikari.pool.HikariPool        : HikariPool-1 - Added connection org.postgresql.jdbc.PgConnection@1f5d7fd5
2024-06-19T22:46:07.107+05:00  INFO 49073 --- [           main] com.zaxxer.hikari.HikariDataSource       : HikariPool-1 - Start completed.
2024-06-19T22:46:08.081+05:00  INFO 49073 --- [           main] o.h.e.t.j.p.i.JtaPlatformInitiator       : HHH000489: No JTA platform available (set 'hibernate.transaction.jta.platform' to enable JTA platform integration)
Hibernate: alter table if exists attendance drop constraint if exists FKnq6vm31it076obtjf2qp5coim
Hibernate: alter table if exists change_or_deny_lesson drop constraint if exists FKfqto3k690x6dxh6c97pvn1cqv
Hibernate: alter table if exists guruh drop constraint if exists FK7u8r9blt3egf677no90r6gavh
Hibernate: alter table if exists guruh drop constraint if exists FKbk11lddhg71bs3fr4iaep637f
Hibernate: alter table if exists guruh_days drop constraint if exists FKguflgrldx2m8fcvb3eu0t6cfu
Hibernate: alter table if exists student drop constraint if exists FK2im117x3e4ffjrx11e1j4ta8j
Hibernate: alter table if exists student_group drop constraint if exists FKq4doab91ybtxi0283ju2913i1
Hibernate: alter table if exists student_group drop constraint if exists FKgjllnbvo075iomudum0rdrblb
Hibernate: alter table if exists student_archive_group drop constraint if exists FKjfxoiojwvf4cric3jqbdpf8bm
Hibernate: alter table if exists student_archive_group drop constraint if exists FKk3wk1ikn5jdge7uw1r5ejqaat
Hibernate: alter table if exists student_lead drop constraint if exists FKaqpk55yg94q2u5iundruaedqp
Hibernate: alter table if exists student_lead drop constraint if exists FKg5h9271f0qsbi037xd9d9rnhv
Hibernate: alter table if exists teacher_attendance drop constraint if exists FKbx65ur1a1282uj4dcai8ihnps
Hibernate: alter table if exists teacher_attendance drop constraint if exists FKk4wlix9ewdkv4cu47eopr16ae
Hibernate: alter table if exists teacher_percentage drop constraint if exists FKo58xsiv13vdi59vqv7bh38kt5
Hibernate: alter table if exists users_role_name drop constraint if exists FKdjo9aconuf058o1ksm1yt7k0i
Hibernate: alter table if exists users_role_name drop constraint if exists FKqovbimx7lh12i2sdfeybupea9
Hibernate: drop table if exists attendance cascade
Hibernate: drop table if exists change_or_deny_lesson cascade
Hibernate: drop table if exists course cascade
Hibernate: drop table if exists expectations cascade
Hibernate: drop table if exists guruh cascade
Hibernate: drop table if exists guruh_days cascade
Hibernate: drop table if exists role_name cascade
Hibernate: drop table if exists student cascade
Hibernate: drop table if exists student_group cascade
Hibernate: drop table if exists student_archive_group cascade
Hibernate: drop table if exists student_lead cascade
Hibernate: drop table if exists teacher_attendance cascade
Hibernate: drop table if exists teacher_percentage cascade
Hibernate: drop table if exists users cascade
Hibernate: drop table if exists users_role_name cascade
Hibernate: drop table if exists where_link cascade
Hibernate: create table attendance (attendance_date date, is_come boolean, created_at timestamp(6), student_id bigint, updated_at timestamp(6), id uuid not null, primary key (id))
Hibernate: create table change_or_deny_lesson (is_cancelled boolean, passed_date date, real_date date, created_at timestamp(6), group_id bigint, id bigint generated by default as identity, updated_at timestamp(6), primary key (id))
Hibernate: create table course (month_count integer, price float(53), created_at timestamp(6), id bigint generated by default as identity, updated_at timestamp(6), name varchar(255), primary key (id))
Hibernate: create table expectations (created_at timestamp(6), id bigint generated by default as identity, updated_at timestamp(6), name varchar(255), primary key (id))
Hibernate: create table guruh (is_finished boolean, is_group boolean, start_date date, start_time time(6), course_id bigint, created_at timestamp(6), id bigint generated by default as identity, teacher_id bigint, updated_at timestamp(6), name varchar(255), primary key (id))
Hibernate: create table guruh_days (guruh_id bigint not null, days varchar(255) check (days in ('MONDAY','TUESDAY','WEDNESDAY','THURSDAY','FRIDAY','SATURDAY','SUNDAY')))
Hibernate: create table role_name (created_at timestamp(6), id bigint generated by default as identity, updated_at timestamp(6), name varchar(255), primary key (id))
Hibernate: create table student (birth_date date, gender boolean, is_deleted boolean, is_student boolean, created_at timestamp(6), expectations_id bigint, id bigint generated by default as identity, updated_at timestamp(6), full_name varchar(255), location varchar(255), parent_phone_number varchar(255), passport_id varchar(255), phone_number varchar(255), telegram_link varchar(255), primary key (id))
Hibernate: create table student_group (group_id bigint not null, student_id bigint not null)
Hibernate: create table student_archive_group (boshlanishi date, til date, created_at timestamp(6), group_id bigint, id bigint generated by default as identity, student_id bigint, updated_at timestamp(6), primary key (id))
Hibernate: create table student_lead (created_at timestamp(6), id bigint generated by default as identity, student_id bigint, updated_at timestamp(6), where_link_id bigint, comment varchar(255), primary key (id))
Hibernate: create table teacher_attendance (date date, money_count_for_date float(53), created_at timestamp(6), group_id bigint, teacher_id bigint, updated_at timestamp(6), id uuid not null, primary key (id))
Hibernate: create table teacher_percentage (count float(53), created_at timestamp(6), id bigint generated by default as identity, teacher_id bigint unique, updated_at timestamp(6), type varchar(255) check (type in ('PER_PUPIL_SUM','PER_PUPIL_PERCENTAGE')), primary key (id))
Hibernate: create table users (birth_date date, is_deleted boolean, sex boolean, created_at timestamp(6), id bigint generated by default as identity, updated_at timestamp(6), avatar_link varchar(255), name varchar(255), password varchar(255), phone_number varchar(255) unique, surname varchar(255), primary key (id))
Hibernate: create table users_role_name (role_name_id bigint not null, users_id bigint not null)
Hibernate: create table where_link (created_at timestamp(6), id bigint generated by default as identity, updated_at timestamp(6), link varchar(255), name varchar(255), primary key (id))
Hibernate: alter table if exists attendance add constraint FKnq6vm31it076obtjf2qp5coim foreign key (student_id) references student
Hibernate: alter table if exists change_or_deny_lesson add constraint FKfqto3k690x6dxh6c97pvn1cqv foreign key (group_id) references guruh
Hibernate: alter table if exists guruh add constraint FK7u8r9blt3egf677no90r6gavh foreign key (course_id) references course
Hibernate: alter table if exists guruh add constraint FKbk11lddhg71bs3fr4iaep637f foreign key (teacher_id) references users
Hibernate: alter table if exists guruh_days add constraint FKguflgrldx2m8fcvb3eu0t6cfu foreign key (guruh_id) references guruh
Hibernate: alter table if exists student add constraint FK2im117x3e4ffjrx11e1j4ta8j foreign key (expectations_id) references expectations
Hibernate: alter table if exists student_group add constraint FKq4doab91ybtxi0283ju2913i1 foreign key (group_id) references guruh
Hibernate: alter table if exists student_group add constraint FKgjllnbvo075iomudum0rdrblb foreign key (student_id) references student
Hibernate: alter table if exists student_archive_group add constraint FKjfxoiojwvf4cric3jqbdpf8bm foreign key (group_id) references guruh
Hibernate: alter table if exists student_archive_group add constraint FKk3wk1ikn5jdge7uw1r5ejqaat foreign key (student_id) references student
Hibernate: alter table if exists student_lead add constraint FKaqpk55yg94q2u5iundruaedqp foreign key (student_id) references student
Hibernate: alter table if exists student_lead add constraint FKg5h9271f0qsbi037xd9d9rnhv foreign key (where_link_id) references where_link
Hibernate: alter table if exists teacher_attendance add constraint FKbx65ur1a1282uj4dcai8ihnps foreign key (group_id) references guruh
Hibernate: alter table if exists teacher_attendance add constraint FKk4wlix9ewdkv4cu47eopr16ae foreign key (teacher_id) references users
Hibernate: alter table if exists teacher_percentage add constraint FKo58xsiv13vdi59vqv7bh38kt5 foreign key (teacher_id) references users
Hibernate: alter table if exists users_role_name add constraint FKdjo9aconuf058o1ksm1yt7k0i foreign key (role_name_id) references role_name
Hibernate: alter table if exists users_role_name add constraint FKqovbimx7lh12i2sdfeybupea9 foreign key (users_id) references users
2024-06-19T22:46:08.227+05:00  INFO 49073 --- [           main] j.LocalContainerEntityManagerFactoryBean : Initialized JPA EntityManagerFactory for persistence unit 'default'
2024-06-19T22:46:08.693+05:00  INFO 49073 --- [           main] o.s.d.j.r.query.QueryEnhancerFactory     : Hibernate is in classpath; If applicable, HQL parser will be used.
2024-06-19T22:46:09.060+05:00  WARN 49073 --- [           main] o.s.aop.framework.CglibAopProxy          : Unable to proxy interface-implementing method [public final void org.springframework.web.filter.OncePerRequestFilter.doFilter(jakarta.servlet.ServletRequest,jakarta.servlet.ServletResponse,jakarta.servlet.FilterChain) throws jakarta.servlet.ServletException,java.io.IOException] because it is marked as final, consider using interface-based JDK proxies instead.
2024-06-19T22:46:09.060+05:00  WARN 49073 --- [           main] o.s.aop.framework.CglibAopProxy          : Unable to proxy interface-implementing method [public final void org.springframework.web.filter.GenericFilterBean.init(jakarta.servlet.FilterConfig) throws jakarta.servlet.ServletException] because it is marked as final, consider using interface-based JDK proxies instead.
2024-06-19T22:46:09.421+05:00  INFO 49073 --- [           main] eAuthenticationProviderManagerConfigurer : Global AuthenticationManager configured with AuthenticationProvider bean with name authenticationProvider
2024-06-19T22:46:09.421+05:00  WARN 49073 --- [           main] r$InitializeUserDetailsManagerConfigurer : Global AuthenticationManager configured with an AuthenticationProvider bean. UserDetailsService beans will not be used for username/password login. Consider removing the AuthenticationProvider bean. Alternatively, consider using the UserDetailsService in a manually instantiated DaoAuthenticationProvider.
2024-06-19T22:46:09.550+05:00  WARN 49073 --- [           main] JpaBaseConfiguration$JpaWebConfiguration : spring.jpa.open-in-view is enabled by default. Therefore, database queries may be performed during view rendering. Explicitly configure spring.jpa.open-in-view to disable this warning
2024-06-19T22:46:09.860+05:00  INFO 49073 --- [           main] o.s.s.web.DefaultSecurityFilterChain     : Will secure any request with [org.springframework.security.web.session.DisableEncodeUrlFilter@3e42cff9, org.springframework.security.web.context.request.async.WebAsyncManagerIntegrationFilter@1989a143, org.springframework.security.web.context.SecurityContextHolderFilter@76ad048a, org.springframework.security.web.header.HeaderWriterFilter@4e2bed0f, org.springframework.web.filter.CorsFilter@63a9ab7d, org.springframework.security.web.authentication.logout.LogoutFilter@40406a3f, it.live.crm.jwt.JwtFilter@71cdb24, org.springframework.security.web.savedrequest.RequestCacheAwareFilter@4d13b552, org.springframework.security.web.servletapi.SecurityContextHolderAwareRequestFilter@60adea01, org.springframework.security.web.authentication.AnonymousAuthenticationFilter@731660c1, org.springframework.security.web.session.SessionManagementFilter@570f2cf7, org.springframework.security.web.access.ExceptionTranslationFilter@2f96e49f, org.springframework.security.web.access.intercept.AuthorizationFilter@1e072d67]
2024-06-19T22:46:10.322+05:00  INFO 49073 --- [           main] it.live.crm.CrmApplicationTests          : Started CrmApplicationTests in 5.263 seconds (process running for 6.123)
Hibernate: insert into role_name (created_at,name,updated_at) values (?,?,?) returning id
Hibernate: insert into role_name (created_at,name,updated_at) values (?,?,?) returning id
Hibernate: insert into role_name (created_at,name,updated_at) values (?,?,?) returning id
Hibernate: insert into role_name (created_at,name,updated_at) values (?,?,?) returning id
Hibernate: select rn1_0.id,rn1_0.created_at,rn1_0.name,rn1_0.updated_at from role_name rn1_0 where rn1_0.name=?
Hibernate: insert into users (avatar_link,birth_date,created_at,is_deleted,name,password,phone_number,sex,surname,updated_at) values (?,?,?,?,?,?,?,?,?,?) returning id
Hibernate: insert into users_role_name (users_id,role_name_id) values (?,?)
Hibernate: insert into users (avatar_link,birth_date,created_at,is_deleted,name,password,phone_number,sex,surname,updated_at) values (?,?,?,?,?,?,?,?,?,?) returning id
Hibernate: insert into users_role_name (users_id,role_name_id) values (?,?)
Hibernate: insert into users (avatar_link,birth_date,created_at,is_deleted,name,password,phone_number,sex,surname,updated_at) values (?,?,?,?,?,?,?,?,?,?) returning id
Hibernate: insert into users_role_name (users_id,role_name_id) values (?,?)
Hibernate: insert into users (avatar_link,birth_date,created_at,is_deleted,name,password,phone_number,sex,surname,updated_at) values (?,?,?,?,?,?,?,?,?,?) returning id
Hibernate: insert into users_role_name (users_id,role_name_id) values (?,?)
Hibernate: insert into course (created_at,month_count,name,price,updated_at) values (?,?,?,?,?) returning id
Hibernate: insert into where_link (created_at,link,name,updated_at) values (?,?,?,?) returning id
Hibernate: insert into guruh (course_id,created_at,is_finished,is_group,name,start_date,start_time,teacher_id,updated_at) values (?,?,?,?,?,?,?,?,?) returning id
Hibernate: insert into guruh_days (guruh_id,days) values (?,?)
Hibernate: insert into guruh_days (guruh_id,days) values (?,?)
Hibernate: insert into student (birth_date,created_at,expectations_id,full_name,gender,is_deleted,is_student,location,parent_phone_number,passport_id,phone_number,telegram_link,updated_at) values (?,?,?,?,?,?,?,?,?,?,?,?,?) returning id
Hibernate: insert into student_group (student_id,group_id) values (?,?)
Hibernate: insert into attendance (attendance_date,created_at,is_come,student_id,updated_at,id) values (?,?,?,?,?,?)
Hibernate: insert into change_or_deny_lesson (created_at,group_id,is_cancelled,passed_date,real_date,updated_at) values (?,?,?,?,?,?) returning id
]]></system-out>
  </testcase>
</testsuite>